750
122
43
703 424
146 124
665 620
382 681
695 165
956 455
511 744
11
298
754
221 79
450
81
701 674
615 344
401 960
51 929
817 256
345 662
206 607
905
463
727
613
840 200
8 796
492 838
370
619 392
481 153
461 44
899
800 482
716 977
410 858
104 578
159
898 466
843
137 307
260
767
867
520
226 957
157 697
399 974
45
169 469
136
95 789
839
178
903 984
9
434 573
55 934
592
262 249
155 475
758 503
411
148
245
210
406
742
951
570
241
271 218
270 932
723
499
532
743
73
931
915 801
2 46
171 834
48
935
595 517
908
391
19
443 518
795 263
818 338
596
567
23
663
604
713
306 398
416
414 643
365 528
670 402
765 52
470 553
289 27
372 162
529 116
687
702
888
207 750
544 726
197
60
356
933
147 583
437 373
121
201
724
189
525 947
339 108
973 622
436
196
413 735
305
234 76
912 452
535 636
231 49
676 806
684 123
804
872 705
63
191 673
884 395
261
924
996 288
89
446
579 753
629
543 91
606
13
485
921
809
237 64
730
736
375 478
926
403 568
176
614
7
963
4
516
605
964
849
6 18
327 304
68 295
975
343 85
393
321 571
740 524
113
287
211
185 683
688
65 715
580 927
855
255
247
671
776
151 173
891 156
421
563 238
319
138 376
387
430
507
28
501 590
752 291
3
576
760 862
388 407
807
182 794
746
353 958
97 445
35
394 383
265
70
53 999
594
712
845
623
397
950
797 408
371 825
894 15
347
907
759 366
88 20
250 582
584
509
557
707
462
773 257
451
745
98
967 198
793 928
139
550
318 99
856 415
32 675
870
618 264
733
364
644
309
536
34
433
41
600 598
718
521 995
779
919 545
350 252
913
589 685
835 833
802
575
38
982 101
664 355
815
467
228
677
820
109
832 770
272
879 609
129 841
181
254
277
522 243
857 227
202
468
172 160
657 769
882 385
251
26 813
386 150
930 949
972
275
363 54
409 114
236 72
810 126
896
494 130
111
423
756
10 885
846 751
939
558 496
551
936
814 204
923
556
581 341
330 937
654
549
952 805
897 161
922
729
812
777
209
215 868
943 566
369
953 80
941 175
134 93
624 405
757
500
286
103
322 985
442
78
880
432 668
617 714
641
992
625 562
539
508
574
747
678
292
648
717 946
389
331 816
253 980
512 180
166
504
329
627
30 285
993 67
120
889
224 82
484 660
90
314
352
761
479
296
71 128
360
248 119
5
860
21
203
546
404
808 881
208
852
480
464 223
87
561
647
639
968 86
233
358
281
246 335
969
337 158
513 873
911 710
847 94
781 487
739
188 920
449 916
276
904 901
785
267
457
803
886
698 608
179
31 195
92
514
222
869
612 653
454 368
547 336
187
628 918
428 390
737 199
422 297
299
696 603
164
875
214 633
538
599 59
490 572
763 534
895
944
310 788
871 990
548 782
864
143 359
125
637 631
851
438 991
555
22
775
906
145
768
384 630
890
493
826
100
74
367
302
559
259 40
77
57 666
278
219
741
611
348
439
940 117
381
848
502
830
474 273
861 837
732
565
240
112
962
700 552
679
819
244 866
396
762 634
444 537
498 0
510 828
682
877
771
560
216
183 661
242 118
585 47
217
127
725
472
313
531
649
39
876 465
541
942
728
925
149
645
588
997
290 689
453
799
167
998
988 133
311
458 447
635 909
58 269
312
655
821
961 720
105 686
831
332
778
361
680
96 102
412
883 417
708
638
325
878
632 910
293
110
593
56
887
168 965
981 131
12 115
495 36
692
274
774 163
83
659 527
144 853
280 601
986
50
294
586 69
334
506
709 577
284
791
824 66
483
154
829
300
827
945 523
486
170
893
626
205
193
994
141
790
220
540
24
755
616
75
328
419 542
979 476
917
863
711 266
473
279
704
174
212
225
836
706
865
669
491
892 564
722
978
37 731
61 651
132
610
29
342
656
258
107
340
349
672
301
426 459
488
690
976
530
1
792
859
460
874
324 84
667
378
320
597
418 152
435
268
351
357
787
177
477
140
569
184
515
850
591
346
377
62
213
621
693
987
190 783
970
650
315
966
983
354
954
842
646
766
784
533
900
749 798
194
425
440
719
640
652
780
658
955
764
283
326
427 902
186
554
694
854
379
519
235
811
721 471
230
497
17
316
914
448
989
282
456
938
489
323
959
526
699 587
971
602
25
400
232
441
734
42
33
772
135
16
106
14
431
239
738
844
823
948
505
192
642
429
333
303
374
786
822
142
362
308
380
420
691
317
229
748
