750
122
580 628
563 338
110
366 2
723
499
817 993
185 904
423
756
760 947
641
992
356
334
506
132
276
42
829
878
852
208
38
490 297
753 288
89
446
406
742
951
570
241
482 912
111
899
461 44
590 818
771
560
216
478 503
126 47
22
775
441
967 465
553 344
52 72
15 469
619 721
885 670
705 862
117 946
735 740
632 487
733
364
473
360
18 763
868 37
483
154
70
695 382
685 941
54 84
667
218 46
383 770
262 183
204 661
995 341
130 49
872 405
129 937
894 169
612 825
712
437 622
48
930 160
468
502
830
594
496 999
128 918
994
474 664
615 8
524 929
497
660 343
90
314
272
534 609
45
191 974
209
777
582 585
494 270
265
823
460
874
583 134
688
715 95
839
178
279
413 31
409 67
953 285
325
644
309
93 853
773 631
536
40 147
91 543
606
13
905
463
727
613
200 386
318 327
620 458
99 394
550
358
233
577 545
657 102
320
913
746
283
732
565
470 837
6 227
743
73
932 808
813 243
29
676 57
640
652
5
860
558 403
939
846 26
157 915
65 579
662 835
535 607
234 758
195 155
50
479
296
564 190
616
525 518
455 422
299
934 927
189
373 124
982 481
789 816
671
776
336 173
900
306 749
713
604
663
856 991
528 290
997
998
761
352
171 96
137 368
260
767
867
328
393
321 571
203
21
988 133
311
711 838
921
821
884 589
261
924
255
247
53 578
410 858
707
462
81
450
281
511 847
11
832 800
625 115
475 256
251
596
567
23
101 960
979 291
3
576
229
958 123
745
451
803
392 861
432 961
476 295
614
7
963
4
516
385 271
125
495 76
617 513
488
736
301
426 459
274
717 0
719
962
221 598
584
236 726
118 408
87
484 158
608 224
228
467
815
355 244
376 977
547 737
150 686
138 454
387
430
507
97 892
51 521
833 643
324 945
103
286
78
880
196
436
805 973
300
754
603 104
916 798
425
246 257
714 751
398 696
416
651 198
139
802
575
970
783 253
828 928
768
145
542 659
855
252 199
238 996
738
635 700
633 82
156 182
421
175 940
34
433
41
605
964
957 266
108 581
391
908
901 883
638
896
936
263 814
889
214 636
142
202
337 981
149
532
877
80 903
595 709
242 372
679
819
759 599
464 529
522 105
794 259
952 866
648
509
557
799
453
9
573 434
781 806
654
784
280 71
166
504
942
541
163 226
698 335
302
367
165 857
268
677
820
109
629
517 965
887
559
831
447 153
92
143 911
978
722
370
404
876 810
39
194
923
556
457
552 586
275
972
329
347
98
140
452 716
161 824
55 59
668 793
119 897
350 566
588
645
983
349
966
237 673
809
757
429
788 69
909 64
779
873 10
987
879 943
369
162 94
882 710
254
277
728
925
211
395 527
850
681 689
201
121
148
245
210
508
539
792
312
891 330
787
624 273
551
399 419
827
305
914
289 88
472
725
907
444 388
984 12
215 131
886
708
968 417
739
151 920
844
597
797 795
621
381
848
741
219
955
658
623
845
492 769
159
193
27 744
303
402 840
313
428 223
86 618
555
568 600
926
19
298
1
28
120
544 765
414 188
890
630 66
181
546
919 601
100
74
269 384
411
510 248
415 438
774 61
83
249 796
755
184
515
113
287
127
217
435
841 675
572 653
304 703
836
706
888
702
348
439
893
626
164
498 85
729
990 116
812
20 114
264 466
58 206
523 152
179
225
331 359
443 371
718
665 401
720 637
519
235
669
865
307 881
922
549
418 985
969
14
112
177
485
345 697
683 68
954
655
649
197
60
910 666
734
526
25
602
319
397
950
363 427
780
562 801
956 424
375 172
731 310
762 782
361
778
332
674 231
975
315
650
293
365 146
931
971
949 501
548 752
36 250
692
267
187
471 339
389
390 871
554
186
785
174
704
24
493
826
933
691
239
561
647
500
906
834 168
672
374
520
284
340
107
445 207
75
804
63
505
849
627
32 30
354
480
222
514
869
730
308
322 449
875
538
642
976
333
537 701
316
79 750
587 180
902 980
634 898
43
682
684 353
687
380
530
917
407 144
400
62
16
106
440
790
646
610
220
690
486
317
232
863
724
895
420
240
938
935
851
786
864
294
378
346
611
282
456
694
351
258
656
747
678
292
192
33
477
569
944
323
489
822
843
811
396
680
167
326
791
591
176
859
379
854
959
442
141
842
592
986
362
342
412
56
593
205
77
213
693
377
540
807
574
431
533
448
357
278
764
639
136
512 699
748
170
35
766
230
531
870
989
135
17
772
948
212
491
